#
# There is insufficient memory for the Java Runtime Environment to continue.
# Native memory allocation (mmap) failed to map 130023424 bytes for G1 virtual space
# Possible reasons:
#   The system is out of physical RAM or swap space
#   The process is running with CompressedOops enabled, and the Java Heap may be blocking the growth of the native heap
# Possible solutions:
#   Reduce memory load on the system
#   Increase physical memory or swap space
#   Check if swap backing store is full
#   Decrease Java heap size (-Xmx/-Xms)
#   Decrease number of Java threads
#   Decrease Java thread stack sizes (-Xss)
#   Set larger code cache with -XX:ReservedCodeCacheSize=
#   JVM is running with Unscaled Compressed Oops mode in which the Java heap is
#     placed in the first 4GB address space. The Java Heap base address is the
#     maximum limit for the native heap growth. Please use -XX:HeapBaseMinAddress
#     to set the Java Heap base and to place the Java Heap above 4GB virtual address.
# This output file may be truncated or incomplete.
#
#  Out of Memory Error (os_windows.cpp:3530), pid=8676, tid=8500
#
# JRE version:  (18.0.1.1+2) (build )
# Java VM: Java HotSpot(TM) 64-Bit Server VM (18.0.1.1+2-6, mixed mode, sharing, tiered, compressed oops, compressed class ptrs, g1 gc, windows-amd64)
# No core dump will be written. Minidumps are not enabled by default on client versions of Windows
#

---------------  S U M M A R Y ------------

Command Line: -Dfile.encoding=UTF-8 --module-path=C:\Users\Charan\Documents\NetBeansProjects\Hotel Management System\build\classes hotel.management.system.Department

Host: 12th Gen Intel(R) Core(TM) i5-1240P, 16 cores, 7G,  Windows 11 , 64 bit Build 22621 (10.0.22621.1635)
Time: Sun Jun  4 00:09:58 2023 India Standard Time elapsed time: 0.010414 seconds (0d 0h 0m 0s)

---------------  T H R E A D  ---------------

Current thread (0x0000020b64d3dfb0):  JavaThread "Unknown thread" [_thread_in_vm, id=8500, stack(0x00000070efd00000,0x00000070efe00000)]

Stack: [0x00000070efd00000,0x00000070efe00000]
Native frames: (J=compiled Java code, j=interpreted, Vv=VM code, C=native code)
V  [jvm.dll+0x69887a]
V  [jvm.dll+0x7f38bd]
V  [jvm.dll+0x7f51ce]
V  [jvm.dll+0x7f5883]
V  [jvm.dll+0x25ca3f]
V  [jvm.dll+0x6957c9]
V  [jvm.dll+0x68a2fa]
V  [jvm.dll+0x321efb]
V  [jvm.dll+0x3298d6]
V  [jvm.dll+0x37e47e]
V  [jvm.dll+0x37e6af]
V  [jvm.dll+0x2f9c7a]
V  [jvm.dll+0x2facdd]
V  [jvm.dll+0x7c24f0]
V  [jvm.dll+0x38b801]
V  [jvm.dll+0x7a1203]
V  [jvm.dll+0x40d6bf]
V  [jvm.dll+0x40f091]
C  [jli.dll+0x526b]
C  [ucrtbase.dll+0x29363]
C  [KERNEL32.DLL+0x126ad]
C  [ntdll.dll+0x5a9f8]


---------------  P R O C E S S  ---------------

Threads class SMR info:
_java_thread_list=0x00007ffb5637d550, length=0, elements={
}

Java Threads: ( => current thread )

Other Threads:
  0x0000020b64d9d3f0 WorkerThread "GC Thread#0" [stack: 0x00000070efe00000,0x00000070eff00000] [id=1368]
  0x0000020b64dad8c0 ConcurrentGCThread "G1 Main Marker" [stack: 0x00000070eff00000,0x00000070f0000000] [id=8388]
  0x0000020b64dae1c0 WorkerThread "G1 Conc#0" [stack: 0x00000070f0000000,0x00000070f0100000] [id=13920]

[error occurred during error reporting (printing all threads), id 0xc0000005, EXCEPTION_ACCESS_VIOLATION (0xc0000005) at pc=0x00007ffb55baa217]

VM state: not at safepoint (not fully initialized)

VM Mutex/Monitor currently owned by a thread:  ([mutex/lock_event])
[0x0000020b64d39420] Heap_lock - owner thread: 0x0000020b64d3dfb0

Heap address: 0x0000000084c00000, size: 1972 MB, Compressed Oops mode: 32-bit

CDS archive(s) mapped at: [0x0000000000000000-0x0000000000000000-0x0000000000000000), size 0, SharedBaseAddress: 0x0000000800000000, ArchiveRelocationMode: 0.
Narrow klass base: 0x0000000000000000, Narrow klass shift: 0, Narrow klass range: 0x0

GC Precious Log:
 CardTable entry size: 512
 Card Set container configuration: InlinePtr #cards 5 size 8 Array Of Cards #cards 12 size 40 Howl #buckets 4 coarsen threshold 1843 Howl Bitmap #cards 512 size 80 coarsen threshold 460 Card regions per heap region 1 cards per card region 2048

Heap:
 garbage-first heap   total 0K, used 0K [0x0000000084c00000, 0x0000000100000000)
  region size 1024K, 0 young (0K), 0 survivors (0K)

[error occurred during error reporting (printing heap information), id 0xc0000005, EXCEPTION_ACCESS_VIOLATION (0xc0000005) at pc=0x00007ffb55f90cb9]

GC Heap History (0 events):
No events

Deoptimization events (0 events):
No events

Classes loaded (0 events):
No events

Classes unloaded (0 events):
No events

Classes redefined (0 events):
No events

Internal exceptions (0 events):
No events

VM Operations (0 events):
No events

Events (1 events):
Event: 0.006 Loaded shared library C:\Program Files\Java\jdk-18.0.1.1\bin\java.dll


Dynamic libraries:
0x00007ff6bfcb0000 - 0x00007ff6bfcc0000 	C:\Program Files\Java\jdk-18.0.1.1\bin\java.exe
0x00007ffb9d290000 - 0x00007ffb9d4a4000 	C:\WINDOWS\SYSTEM32\ntdll.dll
0x00007ffb9c4a0000 - 0x00007ffb9c562000 	C:\WINDOWS\System32\KERNEL32.DLL
0x00007ffb9a6e0000 - 0x00007ffb9aa83000 	C:\WINDOWS\System32\KERNELBASE.dll
0x00007ffb9aa90000 - 0x00007ffb9aba1000 	C:\WINDOWS\System32\ucrtbase.dll
0x00007ffb90a00000 - 0x00007ffb90a1a000 	C:\Program Files\Java\jdk-18.0.1.1\bin\VCRUNTIME140.dll
0x00007ffb5f930000 - 0x00007ffb5f948000 	C:\Program Files\Java\jdk-18.0.1.1\bin\jli.dll
0x00007ffb9cd40000 - 0x00007ffb9cdee000 	C:\WINDOWS\System32\ADVAPI32.dll
0x00007ffb9cc90000 - 0x00007ffb9cd37000 	C:\WINDOWS\System32\msvcrt.dll
0x00007ffb9b7f0000 - 0x00007ffb9b894000 	C:\WINDOWS\System32\sechost.dll
0x00007ffb9cb70000 - 0x00007ffb9cc87000 	C:\WINDOWS\System32\RPCRT4.dll
0x00007ffb9c620000 - 0x00007ffb9c7cb000 	C:\WINDOWS\System32\USER32.dll
0x00007ffb9a6b0000 - 0x00007ffb9a6d6000 	C:\WINDOWS\System32\win32u.dll
0x00007ffb9c9a0000 - 0x00007ffb9c9c9000 	C:\WINDOWS\System32\GDI32.dll
0x00007ffb868b0000 - 0x00007ffb86b3e000 	C:\WINDOWS\WinSxS\amd64_microsoft.windows.common-controls_6595b64144ccf1df_6.0.22621.1635_none_270f70857386168e\COMCTL32.dll
0x00007ffb9ad10000 - 0x00007ffb9ae28000 	C:\WINDOWS\System32\gdi32full.dll
0x00007ffb9abb0000 - 0x00007ffb9ac4a000 	C:\WINDOWS\System32\msvcp_win.dll
0x00007ffb8f600000 - 0x00007ffb8f60a000 	C:\WINDOWS\SYSTEM32\VERSION.dll
0x00007ffb9d200000 - 0x00007ffb9d231000 	C:\WINDOWS\System32\IMM32.DLL
0x00007ffb94b50000 - 0x00007ffb94b5c000 	C:\Program Files\Java\jdk-18.0.1.1\bin\vcruntime140_1.dll
0x00007ffb77be0000 - 0x00007ffb77c6d000 	C:\Program Files\Java\jdk-18.0.1.1\bin\msvcp140.dll
0x00007ffb558a0000 - 0x00007ffb564b0000 	C:\Program Files\Java\jdk-18.0.1.1\bin\server\jvm.dll
0x00007ffb9cdf0000 - 0x00007ffb9cdf8000 	C:\WINDOWS\System32\PSAPI.DLL
0x00007ffb88cd0000 - 0x00007ffb88cd9000 	C:\WINDOWS\SYSTEM32\WSOCK32.dll
0x00007ffb9c410000 - 0x00007ffb9c481000 	C:\WINDOWS\System32\WS2_32.dll
0x00007ffb93120000 - 0x00007ffb93154000 	C:\WINDOWS\SYSTEM32\WINMM.dll
0x00007ffb996d0000 - 0x00007ffb996e8000 	C:\WINDOWS\SYSTEM32\kernel.appcore.dll
0x00007ffb93340000 - 0x00007ffb9334a000 	C:\Program Files\Java\jdk-18.0.1.1\bin\jimage.dll
0x00007ffb98210000 - 0x00007ffb9843e000 	C:\WINDOWS\SYSTEM32\DBGHELP.DLL
0x00007ffb9ce60000 - 0x00007ffb9d1e9000 	C:\WINDOWS\System32\combase.dll
0x00007ffb9b920000 - 0x00007ffb9b9f7000 	C:\WINDOWS\System32\OLEAUT32.dll
0x00007ffb90700000 - 0x00007ffb90732000 	C:\WINDOWS\SYSTEM32\dbgcore.DLL
0x00007ffb9ae30000 - 0x00007ffb9aeab000 	C:\WINDOWS\System32\bcryptPrimitives.dll
0x00007ffb798c0000 - 0x00007ffb798e5000 	C:\Program Files\Java\jdk-18.0.1.1\bin\java.dll

dbghelp: loaded successfully - version: 4.0.5 - missing functions: none
symbol engine: initialized successfully - sym options: 0x614 - pdb path: .;C:\Program Files\Java\jdk-18.0.1.1\bin;C:\WINDOWS\SYSTEM32;C:\WINDOWS\WinSxS\amd64_microsoft.windows.common-controls_6595b64144ccf1df_6.0.22621.1635_none_270f70857386168e;C:\Program Files\Java\jdk-18.0.1.1\bin\server

VM Arguments:
jvm_args: -Dfile.encoding=UTF-8 --module-path=C:\Users\Charan\Documents\NetBeansProjects\Hotel Management System\build\classes 
java_command: hotel.management.system.Department
java_class_path (initial): D:\Doc\Hotel Management\mysql-connector-java-8.0.28.jar;D:\Doc\Hotel Management\rs2xml.jar;C:\Users\Charan\Documents\NetBeansProjects\Hotel Management System\build\classes
Launcher Type: SUN_STANDARD

[Global flags]
     intx CICompilerCount                          = 12                                        {product} {ergonomic}
     uint ConcGCThreads                            = 3                                         {product} {ergonomic}
     uint G1ConcRefinementThreads                  = 13                                        {product} {ergonomic}
   size_t G1HeapRegionSize                         = 1048576                                   {product} {ergonomic}
    uintx GCDrainStackTargetSize                   = 64                                        {product} {ergonomic}
   size_t InitialHeapSize                          = 130023424                                 {product} {ergonomic}
   size_t MarkStackSize                            = 4194304                                   {product} {ergonomic}
   size_t MaxHeapSize                              = 2067791872                                {product} {ergonomic}
   size_t MinHeapDeltaBytes                        = 1048576                                   {product} {ergonomic}
   size_t MinHeapSize                              = 8388608                                   {product} {ergonomic}
    uintx NonNMethodCodeHeapSize                   = 7602480                                {pd product} {ergonomic}
    uintx NonProfiledCodeHeapSize                  = 122027880                              {pd product} {ergonomic}
    uintx ProfiledCodeHeapSize                     = 122027880                              {pd product} {ergonomic}
    uintx ReservedCodeCacheSize                    = 251658240                              {pd product} {ergonomic}
     bool SegmentedCodeCache                       = true                                      {product} {ergonomic}
   size_t SoftMaxHeapSize                          = 2067791872                             {manageable} {ergonomic}
     bool UseCompressedClassPointers               = true                           {product lp64_product} {ergonomic}
     bool UseCompressedOops                        = true                           {product lp64_product} {ergonomic}
     bool UseG1GC                                  = true                                      {product} {ergonomic}
     bool UseLargePagesIndividualAllocation        = false                                  {pd product} {ergonomic}

Logging:
Log output configuration:
 #0: stdout all=warning uptime,level,tags foldmultilines=false
 #1: stderr all=off uptime,level,tags foldmultilines=false

Environment Variables:
PATH=C:\Python311\Scripts\;C:\Python311\;D:\app2\Charan\product\11.2.0\dbhome_1\bin;D:\app1\Charan\product\11.2.0\dbhome_1\bin;D:\app\Charan\product\11.2.0\dbhome_1\bin;C:\Program Files (x86)\Common Files\Intel\Shared Libraries\redist\intel64\compiler;C:\Program Files\Common Files\Oracle\Java\javapath;C:\MinGW\bin;C:\WINDOWS\system32;C:\WINDOWS;C:\WINDOWS\System32\Wbem;C:\WINDOWS\System32\WindowsPowerShell\v1.0\;C:\WINDOWS\System32\OpenSSH\;C:\Program Files\Git\cmd;C:\Program Files\nodejs\;C:\ProgramData\chocolatey\bin;c:\Program Files (x86)\Microsoft SQL Server\100\Tools\Binn\;c:\Program Files\Microsoft SQL Server\100\Tools\Binn\;c:\Program Files\Microsoft SQL Server\100\DTS\Binn\;C:\Users\Charan\AppData\Local\Programs\Python\Python310\Scripts\;C:\Users\Charan\AppData\Local\Programs\Python\Python310\;C:\Users\Charan\AppData\Local\Microsoft\WindowsApps;C:\Users\Charan\AppData\Local\GitHubDesktop\bin;C:\Users\Charan\AppData\Roaming\npm;C:\xampp\php;D:\xampp;C:\Program Files (x86)\Microsoft VS Code\bin;C:\msys64\mingw64\bin;
USERNAME=Charan
OS=Windows_NT
PROCESSOR_IDENTIFIER=Intel64 Family 6 Model 154 Stepping 3, GenuineIntel



---------------  S Y S T E M  ---------------

OS:
 Windows 11 , 64 bit Build 22621 (10.0.22621.1635)
OS uptime: 19 days 11:10 hours
Hyper-V role detected

CPU: total 16 (initial active 16) (8 cores per cpu, 2 threads per core) family 6 model 154 stepping 3 microcode 0x418, cx8, cmov, fxsr, ht, mmx, 3dnowpref, sse, sse2, sse3, ssse3, sse4.1, sse4.2, popcnt, lzcnt, tsc, tscinvbit, avx, avx2, aes, erms, clmul, bmi1, bmi2, adx, sha, fma, vzeroupper, clflush, clflushopt, clwb, hv, serialize

Memory: 4k page, system-wide physical 7886M (499M free)
TotalPageFile size 32462M (AvailPageFile size 39M)
current process WorkingSet (physical memory assigned to process): 11M, peak: 11M
current process commit charge ("private bytes"): 70M, peak: 194M

vm_info: Java HotSpot(TM) 64-Bit Server VM (18.0.1.1+2-6) for windows-amd64 JRE (18.0.1.1+2-6), built on Apr 25 2022 21:53:15 by "mach5one" with MS VC++ 16.8 / 16.9 (VS2019)

END.
